<?xml version="1.0" encoding="UTF-8"?>
<!-- Generated by org.testng.reporters.JUnitReportReporter -->
<testsuite hostname="koziolek-laptop" name="pl.koziolekweb.wjug.guice.base.JaśTest" tests="1" failures="0" timestamp="2 Jan 2012 21:53:02 GMT" time="0,012" errors="0">
  <testcase name="imięJasiaPowinnoZwrócićJaś" time="0,012" classname="pl.koziolekweb.wjug.guice.base.JaśTest"/>
</testsuite>
