<?xml version="1.0" encoding="UTF-8"?>
<!-- Generated by org.testng.reporters.JUnitReportReporter -->
<testsuite hostname="koziolek-laptop" name="pl.koziolekweb.wjug.guice.base.StaśTest" tests="1" failures="0" timestamp="2 Jan 2012 21:53:02 GMT" time="0,001" errors="0">
  <testcase name="testStaś" time="0,001" classname="pl.koziolekweb.wjug.guice.base.StaśTest"/>
</testsuite>
