<?xml version="1.0" encoding="UTF-8"?>
<!-- Generated by org.testng.reporters.JUnitReportReporter -->
<testsuite hostname="koziolek-laptop" name="pl.koziolekweb.wjug.guice.base.StaśTest" tests="1" failures="0" timestamp="3 Jan 2012 17:53:18 GMT" time="0,029" errors="0">
  <testcase name="testStaś" time="0,029" classname="pl.koziolekweb.wjug.guice.base.StaśTest"/>
</testsuite>
